<?xml version="1.0" encoding="UTF-8"?>
<testng-results ignored="0" total="1" passed="1" failed="0" skipped="0">
  <reporter-output>
  </reporter-output>
  <suite started-at="2022-07-22T18:14:58 IST" name="Default suite" finished-at="2022-07-22T18:15:20 IST" duration-ms="21957">
    <groups>
    </groups>
    <test started-at="2022-07-22T18:14:58 IST" name="Default test" finished-at="2022-07-22T18:15:20 IST" duration-ms="21957">
      <class name="com.Fleetstudio.Testcases.verificationPageWise">
        <test-method is-config="true" signature="setUpTest()[pri:0, instance:com.Fleetstudio.Testcases.verificationPageWise@479d31f3]" started-at="2022-07-22T18:14:58 IST" name="setUpTest" finished-at="2022-07-22T18:15:01 IST" duration-ms="3285" status="PASS">
          <reporter-output>
          </reporter-output>
        </test-method> <!-- setUpTest -->
        <test-method signature="test()[pri:0, instance:com.Fleetstudio.Testcases.verificationPageWise@479d31f3]" started-at="2022-07-22T18:15:01 IST" name="test" finished-at="2022-07-22T18:15:19 IST" duration-ms="17118" status="PASS">
          <reporter-output>
          </reporter-output>
        </test-method> <!-- test -->
        <test-method is-config="true" signature="tearDown()[pri:0, instance:com.Fleetstudio.Testcases.verificationPageWise@479d31f3]" started-at="2022-07-22T18:15:19 IST" name="tearDown" finished-at="2022-07-22T18:15:19 IST" duration-ms="10" status="PASS">
          <reporter-output>
          </reporter-output>
        </test-method> <!-- tearDown -->
        <test-method is-config="true" signature="tearDownTest()[pri:0, instance:com.Fleetstudio.Testcases.verificationPageWise@479d31f3]" started-at="2022-07-22T18:15:19 IST" name="tearDownTest" finished-at="2022-07-22T18:15:20 IST" duration-ms="1508" status="PASS">
          <reporter-output>
          </reporter-output>
        </test-method> <!-- tearDownTest -->
      </class> <!-- com.Fleetstudio.Testcases.verificationPageWise -->
    </test> <!-- Default test -->
  </suite> <!-- Default suite -->
</testng-results>
